[2026-02-25T03:34:50.054Z] Login successful
[2026-02-25T03:34:51.191Z] Processing class timetable data...
[2026-02-25T03:34:51.193Z] Added 120 class events
[2026-02-25T03:34:51.193Z] No exam timetable data available yet. Skipping exam schedule.
[2026-02-25T03:34:51.194Z] ICS file generated: timetable.ics (120 total events)
[2026-02-25T03:34:51.194Z] Timetable processing completed successfully
[2026-02-25T22:38:46.080Z] Login successful
[2026-02-25T22:38:47.116Z] Processing class timetable data...
[2026-02-25T22:38:47.119Z] Added 120 class events
[2026-02-25T22:38:47.119Z] No exam timetable data available yet. Skipping exam schedule.
[2026-02-25T22:38:47.119Z] ICS file generated: timetable.ics (120 total events)
[2026-02-25T22:38:47.119Z] Timetable processing completed successfully
[2026-02-26T22:38:42.203Z] Login successful
[2026-02-26T22:38:43.312Z] Processing class timetable data...
[2026-02-26T22:38:43.315Z] Added 120 class events
[2026-02-26T22:38:43.315Z] No exam timetable data available yet. Skipping exam schedule.
[2026-02-26T22:38:43.316Z] ICS file generated: timetable.ics (120 total events)
[2026-02-26T22:38:43.316Z] Timetable processing completed successfully
[2026-02-27T22:28:47.200Z] Login successful
[2026-02-27T22:28:48.437Z] Processing class timetable data...
[2026-02-27T22:28:48.439Z] Added 120 class events
[2026-02-27T22:28:48.439Z] No exam timetable data available yet. Skipping exam schedule.
[2026-02-27T22:28:48.439Z] ICS file generated: timetable.ics (120 total events)
[2026-02-27T22:28:48.439Z] Timetable processing completed successfully
[2026-02-28T22:27:31.319Z] Login successful
[2026-02-28T22:27:32.309Z] Processing class timetable data...
[2026-02-28T22:27:32.312Z] Added 120 class events
[2026-02-28T22:27:32.312Z] No exam timetable data available yet. Skipping exam schedule.
[2026-02-28T22:27:32.313Z] ICS file generated: timetable.ics (120 total events)
[2026-02-28T22:27:32.313Z] Timetable processing completed successfully
[2026-03-01T22:29:26.687Z] Login successful
[2026-03-01T22:29:28.039Z] Processing class timetable data...
[2026-03-01T22:29:28.041Z] Added 120 class events
[2026-03-01T22:29:28.041Z] No exam timetable data available yet. Skipping exam schedule.
[2026-03-01T22:29:28.042Z] ICS file generated: timetable.ics (120 total events)
[2026-03-01T22:29:28.042Z] Timetable processing completed successfully
[2026-03-02T22:32:38.074Z] Login successful
[2026-03-02T22:32:39.504Z] Processing class timetable data...
[2026-03-02T22:32:39.507Z] Added 120 class events
[2026-03-02T22:32:39.507Z] No exam timetable data available yet. Skipping exam schedule.
[2026-03-02T22:32:39.508Z] ICS file generated: timetable.ics (120 total events)
[2026-03-02T22:32:39.508Z] Timetable processing completed successfully
[2026-03-03T22:34:26.133Z] Login successful
[2026-03-03T22:34:27.566Z] Processing class timetable data...
[2026-03-03T22:34:27.568Z] Added 120 class events
[2026-03-03T22:34:27.568Z] No exam timetable data available yet. Skipping exam schedule.
[2026-03-03T22:34:27.569Z] ICS file generated: timetable.ics (120 total events)
[2026-03-03T22:34:27.569Z] Timetable processing completed successfully
[2026-03-04T22:37:07.345Z] Login successful
[2026-03-04T22:37:08.396Z] Processing class timetable data...
[2026-03-04T22:37:08.399Z] Added 121 class events
[2026-03-04T22:37:08.400Z] No exam timetable data available yet. Skipping exam schedule.
[2026-03-04T22:37:08.400Z] ICS file generated: timetable.ics (121 total events)
[2026-03-04T22:37:08.401Z] Timetable processing completed successfully
[2026-03-05T22:37:04.799Z] Login successful
[2026-03-05T22:37:06.045Z] Processing class timetable data...
[2026-03-05T22:37:06.048Z] Added 121 class events
[2026-03-05T22:37:06.048Z] No exam timetable data available yet. Skipping exam schedule.
[2026-03-05T22:37:06.048Z] ICS file generated: timetable.ics (121 total events)
[2026-03-05T22:37:06.048Z] Timetable processing completed successfully
[2026-03-06T22:33:58.367Z] Login successful
[2026-03-06T22:33:59.471Z] Processing class timetable data...
[2026-03-06T22:33:59.474Z] Added 121 class events
[2026-03-06T22:33:59.474Z] No exam timetable data available yet. Skipping exam schedule.
[2026-03-06T22:33:59.474Z] ICS file generated: timetable.ics (121 total events)
[2026-03-06T22:33:59.474Z] Timetable processing completed successfully
[2026-03-07T22:28:26.531Z] Login successful
[2026-03-07T22:28:27.853Z] Processing class timetable data...
[2026-03-07T22:28:27.856Z] Added 121 class events
[2026-03-07T22:28:27.856Z] No exam timetable data available yet. Skipping exam schedule.
[2026-03-07T22:28:27.857Z] ICS file generated: timetable.ics (121 total events)
[2026-03-07T22:28:27.857Z] Timetable processing completed successfully
[2026-03-08T22:29:20.865Z] Login successful
[2026-03-08T22:29:22.295Z] Processing class timetable data...
[2026-03-08T22:29:22.299Z] Added 121 class events
[2026-03-08T22:29:22.299Z] No exam timetable data available yet. Skipping exam schedule.
[2026-03-08T22:29:22.299Z] ICS file generated: timetable.ics (121 total events)
[2026-03-08T22:29:22.300Z] Timetable processing completed successfully
[2026-03-09T22:34:26.143Z] Login successful
[2026-03-09T22:34:27.184Z] Processing class timetable data...
[2026-03-09T22:34:27.186Z] Added 121 class events
[2026-03-09T22:34:27.186Z] No exam timetable data available yet. Skipping exam schedule.
[2026-03-09T22:34:27.187Z] ICS file generated: timetable.ics (121 total events)
[2026-03-09T22:34:27.187Z] Timetable processing completed successfully
[2026-03-10T22:33:43.701Z] Login successful
[2026-03-10T22:33:44.934Z] Processing class timetable data...
[2026-03-10T22:33:44.936Z] Added 121 class events
[2026-03-10T22:33:44.936Z] No exam timetable data available yet. Skipping exam schedule.
[2026-03-10T22:33:44.936Z] ICS file generated: timetable.ics (121 total events)
[2026-03-10T22:33:44.936Z] Timetable processing completed successfully
[2026-03-11T22:31:40.891Z] Login successful
[2026-03-11T22:31:42.129Z] Processing class timetable data...
[2026-03-11T22:31:42.132Z] Added 121 class events
[2026-03-11T22:31:42.132Z] No exam timetable data available yet. Skipping exam schedule.
[2026-03-11T22:31:42.133Z] ICS file generated: timetable.ics (121 total events)
[2026-03-11T22:31:42.134Z] Timetable processing completed successfully
[2026-03-12T22:30:59.693Z] Login successful
[2026-03-12T22:31:01.040Z] Processing class timetable data...
[2026-03-12T22:31:01.042Z] Added 121 class events
[2026-03-12T22:31:01.042Z] No exam timetable data available yet. Skipping exam schedule.
[2026-03-12T22:31:01.043Z] ICS file generated: timetable.ics (121 total events)
[2026-03-12T22:31:01.043Z] Timetable processing completed successfully
[2026-03-13T22:32:48.642Z] Login successful
[2026-03-13T22:32:49.895Z] Processing class timetable data...
[2026-03-13T22:32:49.897Z] Added 121 class events
[2026-03-13T22:32:49.897Z] No exam timetable data available yet. Skipping exam schedule.
[2026-03-13T22:32:49.898Z] ICS file generated: timetable.ics (121 total events)
[2026-03-13T22:32:49.898Z] Timetable processing completed successfully
[2026-03-14T22:31:47.636Z] Login successful
[2026-03-14T22:31:48.685Z] Processing class timetable data...
[2026-03-14T22:31:48.688Z] Added 121 class events
[2026-03-14T22:31:48.688Z] No exam timetable data available yet. Skipping exam schedule.
[2026-03-14T22:31:48.689Z] ICS file generated: timetable.ics (121 total events)
[2026-03-14T22:31:48.689Z] Timetable processing completed successfully
[2026-03-15T22:33:52.829Z] Login successful
[2026-03-15T22:33:54.119Z] Processing class timetable data...
[2026-03-15T22:33:54.121Z] Added 121 class events
[2026-03-15T22:33:54.121Z] No exam timetable data available yet. Skipping exam schedule.
[2026-03-15T22:33:54.122Z] ICS file generated: timetable.ics (121 total events)
[2026-03-15T22:33:54.122Z] Timetable processing completed successfully
[2026-03-16T22:39:10.149Z] Login successful
[2026-03-16T22:39:11.448Z] Processing class timetable data...
[2026-03-16T22:39:11.451Z] Added 121 class events
[2026-03-16T22:39:11.451Z] No exam timetable data available yet. Skipping exam schedule.
[2026-03-16T22:39:11.452Z] ICS file generated: timetable.ics (121 total events)
[2026-03-16T22:39:11.452Z] Timetable processing completed successfully
[2026-03-17T22:38:13.758Z] Login successful
[2026-03-17T22:38:14.970Z] Processing class timetable data...
[2026-03-17T22:38:14.972Z] Added 121 class events
[2026-03-17T22:38:14.972Z] No exam timetable data available yet. Skipping exam schedule.
[2026-03-17T22:38:14.973Z] ICS file generated: timetable.ics (121 total events)
[2026-03-17T22:38:14.973Z] Timetable processing completed successfully
[2026-03-18T22:37:04.314Z] Login successful
[2026-03-18T22:37:05.555Z] Processing class timetable data...
[2026-03-18T22:37:05.558Z] Added 121 class events
[2026-03-18T22:37:05.558Z] No exam timetable data available yet. Skipping exam schedule.
[2026-03-18T22:37:05.573Z] ICS file generated: timetable.ics (121 total events)
[2026-03-18T22:37:05.573Z] Timetable processing completed successfully
[2026-03-19T22:33:50.884Z] Login successful
[2026-03-19T22:33:52.322Z] Processing class timetable data...
[2026-03-19T22:33:52.326Z] Added 121 class events
[2026-03-19T22:33:52.326Z] No exam timetable data available yet. Skipping exam schedule.
[2026-03-19T22:33:52.327Z] ICS file generated: timetable.ics (121 total events)
[2026-03-19T22:33:52.327Z] Timetable processing completed successfully
[2026-03-20T22:33:59.664Z] Login successful
[2026-03-20T22:34:00.581Z] Processing class timetable data...
[2026-03-20T22:34:00.584Z] Added 121 class events
[2026-03-20T22:34:00.584Z] No exam timetable data available yet. Skipping exam schedule.
[2026-03-20T22:34:00.585Z] ICS file generated: timetable.ics (121 total events)
[2026-03-20T22:34:00.585Z] Timetable processing completed successfully
[2026-03-21T22:30:42.031Z] Login successful
[2026-03-21T22:30:43.137Z] Processing class timetable data...
[2026-03-21T22:30:43.141Z] Added 121 class events
[2026-03-21T22:30:43.141Z] No exam timetable data available yet. Skipping exam schedule.
[2026-03-21T22:30:43.141Z] ICS file generated: timetable.ics (121 total events)
[2026-03-21T22:30:43.142Z] Timetable processing completed successfully
[2026-03-22T22:30:50.697Z] Login successful
[2026-03-22T22:30:51.758Z] Processing class timetable data...
[2026-03-22T22:30:51.761Z] Added 121 class events
[2026-03-22T22:30:51.761Z] No exam timetable data available yet. Skipping exam schedule.
[2026-03-22T22:30:51.762Z] ICS file generated: timetable.ics (121 total events)
[2026-03-22T22:30:51.762Z] Timetable processing completed successfully
[2026-03-23T22:37:58.185Z] Login successful
[2026-03-23T22:37:59.392Z] Processing class timetable data...
[2026-03-23T22:37:59.396Z] Added 121 class events
[2026-03-23T22:37:59.396Z] No exam timetable data available yet. Skipping exam schedule.
[2026-03-23T22:37:59.397Z] ICS file generated: timetable.ics (121 total events)
[2026-03-23T22:37:59.397Z] Timetable processing completed successfully
[2026-03-24T22:37:11.776Z] Login successful
[2026-03-24T22:37:13.017Z] Processing class timetable data...
[2026-03-24T22:37:13.020Z] Added 121 class events
[2026-03-24T22:37:13.020Z] No exam timetable data available yet. Skipping exam schedule.
[2026-03-24T22:37:13.021Z] ICS file generated: timetable.ics (121 total events)
[2026-03-24T22:37:13.021Z] Timetable processing completed successfully
[2026-03-25T22:41:09.713Z] Login successful
[2026-03-25T22:41:11.148Z] Processing class timetable data...
[2026-03-25T22:41:11.151Z] Added 121 class events
[2026-03-25T22:41:11.151Z] No exam timetable data available yet. Skipping exam schedule.
[2026-03-25T22:41:11.152Z] ICS file generated: timetable.ics (121 total events)
[2026-03-25T22:41:11.152Z] Timetable processing completed successfully
[2026-03-26T22:35:31.751Z] Login successful
[2026-03-26T22:35:33.148Z] Processing class timetable data...
[2026-03-26T22:35:33.151Z] Added 121 class events
[2026-03-26T22:35:33.151Z] No exam timetable data available yet. Skipping exam schedule.
[2026-03-26T22:35:33.151Z] ICS file generated: timetable.ics (121 total events)
[2026-03-26T22:35:33.152Z] Timetable processing completed successfully
[2026-03-27T22:37:41.848Z] Login successful
[2026-03-27T22:37:43.003Z] Processing class timetable data...
[2026-03-27T22:37:43.006Z] Added 121 class events
[2026-03-27T22:37:43.006Z] Processing exam timetable data...
[2026-03-27T22:37:43.006Z] Added 3 exam events
[2026-03-27T22:37:43.007Z] ICS file generated: timetable.ics (124 total events)
[2026-03-27T22:37:43.007Z] Timetable processing completed successfully
[2026-03-28T22:34:24.881Z] Login successful
[2026-03-28T22:34:26.160Z] Processing class timetable data...
[2026-03-28T22:34:26.164Z] Added 121 class events
[2026-03-28T22:34:26.164Z] Processing exam timetable data...
[2026-03-28T22:34:26.164Z] Added 3 exam events
[2026-03-28T22:34:26.165Z] ICS file generated: timetable.ics (124 total events)
[2026-03-28T22:34:26.165Z] Timetable processing completed successfully
[2026-03-29T22:36:04.955Z] Login successful
[2026-03-29T22:36:06.245Z] Processing class timetable data...
[2026-03-29T22:36:06.249Z] Added 121 class events
[2026-03-29T22:36:06.249Z] Processing exam timetable data...
[2026-03-29T22:36:06.249Z] Added 3 exam events
[2026-03-29T22:36:06.250Z] ICS file generated: timetable.ics (124 total events)
[2026-03-29T22:36:06.250Z] Timetable processing completed successfully
[2026-03-30T22:41:27.638Z] Login successful
[2026-03-30T22:41:28.736Z] Processing class timetable data...
[2026-03-30T22:41:28.739Z] Added 121 class events
[2026-03-30T22:41:28.739Z] Processing exam timetable data...
[2026-03-30T22:41:28.740Z] Added 3 exam events
[2026-03-30T22:41:28.740Z] ICS file generated: timetable.ics (124 total events)
[2026-03-30T22:41:28.741Z] Timetable processing completed successfully
[2026-03-31T22:38:55.274Z] Login successful
[2026-03-31T22:38:56.695Z] Processing class timetable data...
[2026-03-31T22:38:56.698Z] Added 121 class events
[2026-03-31T22:38:56.698Z] Processing exam timetable data...
[2026-03-31T22:38:56.698Z] Added 3 exam events
[2026-03-31T22:38:56.699Z] ICS file generated: timetable.ics (124 total events)
[2026-03-31T22:38:56.699Z] Timetable processing completed successfully
[2026-04-01T22:42:33.558Z] Login error: fetch failed
[2026-04-02T22:37:14.771Z] Login successful
[2026-04-02T22:37:16.818Z] Processing class timetable data...
[2026-04-02T22:37:16.821Z] Added 121 class events
[2026-04-02T22:37:16.821Z] Processing exam timetable data...
[2026-04-02T22:37:16.821Z] Added 3 exam events
[2026-04-02T22:37:16.822Z] ICS file generated: timetable.ics (124 total events)
[2026-04-02T22:37:16.822Z] Timetable processing completed successfully
[2026-04-03T22:38:31.066Z] Login successful
[2026-04-03T22:38:32.331Z] Processing class timetable data...
[2026-04-03T22:38:32.334Z] Added 121 class events
[2026-04-03T22:38:32.334Z] Processing exam timetable data...
[2026-04-03T22:38:32.334Z] Added 3 exam events
[2026-04-03T22:38:32.335Z] ICS file generated: timetable.ics (124 total events)
[2026-04-03T22:38:32.335Z] Timetable processing completed successfully
[2026-04-04T22:34:59.146Z] Login successful
[2026-04-04T22:35:00.377Z] Processing class timetable data...
[2026-04-04T22:35:00.381Z] Added 121 class events
[2026-04-04T22:35:00.381Z] Processing exam timetable data...
[2026-04-04T22:35:00.381Z] Added 3 exam events
[2026-04-04T22:35:00.382Z] ICS file generated: timetable.ics (124 total events)
[2026-04-04T22:35:00.382Z] Timetable processing completed successfully
[2026-04-05T22:36:35.895Z] Login successful
[2026-04-05T22:36:36.943Z] Processing class timetable data...
[2026-04-05T22:36:36.946Z] Added 121 class events
[2026-04-05T22:36:36.946Z] Processing exam timetable data...
[2026-04-05T22:36:36.946Z] Added 3 exam events
[2026-04-05T22:36:36.963Z] ICS file generated: timetable.ics (124 total events)
[2026-04-05T22:36:36.963Z] Timetable processing completed successfully
[2026-04-06T22:41:16.595Z] Login successful
[2026-04-06T22:41:17.853Z] Processing class timetable data...
[2026-04-06T22:41:17.856Z] Added 121 class events
[2026-04-06T22:41:17.856Z] Processing exam timetable data...
[2026-04-06T22:41:17.856Z] Added 3 exam events
[2026-04-06T22:41:17.856Z] ICS file generated: timetable.ics (124 total events)
[2026-04-06T22:41:17.857Z] Timetable processing completed successfully
[2026-04-07T22:42:31.767Z] Login successful
[2026-04-07T22:42:33.050Z] Processing class timetable data...
[2026-04-07T22:42:33.052Z] Added 121 class events
[2026-04-07T22:42:33.052Z] Processing exam timetable data...
[2026-04-07T22:42:33.052Z] Added 3 exam events
[2026-04-07T22:42:33.053Z] ICS file generated: timetable.ics (124 total events)
[2026-04-07T22:42:33.053Z] Timetable processing completed successfully
[2026-04-08T22:47:35.666Z] Login successful
[2026-04-08T22:47:36.812Z] Processing class timetable data...
[2026-04-08T22:47:36.815Z] Added 121 class events
[2026-04-08T22:47:36.815Z] Processing exam timetable data...
[2026-04-08T22:47:36.815Z] Added 3 exam events
[2026-04-08T22:47:36.816Z] ICS file generated: timetable.ics (124 total events)
[2026-04-08T22:47:36.816Z] Timetable processing completed successfully
[2026-04-09T22:48:44.722Z] Login successful
[2026-04-09T22:48:46.139Z] Processing class timetable data...
[2026-04-09T22:48:46.142Z] Added 121 class events
[2026-04-09T22:48:46.142Z] Processing exam timetable data...
[2026-04-09T22:48:46.142Z] Added 3 exam events
[2026-04-09T22:48:46.143Z] ICS file generated: timetable.ics (124 total events)
[2026-04-09T22:48:46.143Z] Timetable processing completed successfully
[2026-04-10T22:42:01.816Z] Login successful
[2026-04-10T22:42:02.962Z] Processing class timetable data...
[2026-04-10T22:42:02.965Z] Added 121 class events
[2026-04-10T22:42:02.965Z] Processing exam timetable data...
[2026-04-10T22:42:02.965Z] Added 3 exam events
[2026-04-10T22:42:02.966Z] ICS file generated: timetable.ics (124 total events)
[2026-04-10T22:42:02.966Z] Timetable processing completed successfully
[2026-04-11T22:37:04.318Z] Login successful
[2026-04-11T22:37:05.735Z] Processing class timetable data...
[2026-04-11T22:37:05.738Z] Added 121 class events
[2026-04-11T22:37:05.738Z] Processing exam timetable data...
[2026-04-11T22:37:05.738Z] Added 3 exam events
[2026-04-11T22:37:05.739Z] ICS file generated: timetable.ics (124 total events)
[2026-04-11T22:37:05.739Z] Timetable processing completed successfully
[2026-04-12T22:39:55.830Z] Login successful
[2026-04-12T22:39:57.083Z] Processing class timetable data...
[2026-04-12T22:39:57.085Z] Added 121 class events
[2026-04-12T22:39:57.085Z] Processing exam timetable data...
[2026-04-12T22:39:57.085Z] Added 3 exam events
[2026-04-12T22:39:57.086Z] ICS file generated: timetable.ics (124 total events)
[2026-04-12T22:39:57.086Z] Timetable processing completed successfully
[2026-04-13T22:49:32.794Z] Login successful
[2026-04-13T22:49:34.204Z] Processing class timetable data...
[2026-04-13T22:49:34.206Z] Added 121 class events
[2026-04-13T22:49:34.206Z] Processing exam timetable data...
[2026-04-13T22:49:34.206Z] Added 3 exam events
[2026-04-13T22:49:34.207Z] ICS file generated: timetable.ics (124 total events)
[2026-04-13T22:49:34.207Z] Timetable processing completed successfully
[2026-04-14T22:50:32.473Z] Login successful
[2026-04-14T22:50:34.031Z] Processing class timetable data...
[2026-04-14T22:50:34.034Z] Added 121 class events
[2026-04-14T22:50:34.034Z] Processing exam timetable data...
[2026-04-14T22:50:34.034Z] Added 3 exam events
[2026-04-14T22:50:34.035Z] ICS file generated: timetable.ics (124 total events)
[2026-04-14T22:50:34.035Z] Timetable processing completed successfully
[2026-04-15T22:47:41.633Z] Login error: fetch failed
[2026-04-16T22:48:54.076Z] Login successful
[2026-04-16T22:48:55.406Z] Processing class timetable data...
[2026-04-16T22:48:55.408Z] Added 121 class events
[2026-04-16T22:48:55.408Z] Processing exam timetable data...
[2026-04-16T22:48:55.408Z] Added 3 exam events
[2026-04-16T22:48:55.408Z] ICS file generated: timetable.ics (124 total events)
[2026-04-16T22:48:55.408Z] Timetable processing completed successfully
[2026-04-17T22:47:45.676Z] Login successful
[2026-04-17T22:47:47.030Z] Processing class timetable data...
[2026-04-17T22:47:47.033Z] Added 121 class events
[2026-04-17T22:47:47.033Z] Processing exam timetable data...
[2026-04-17T22:47:47.033Z] Added 3 exam events
[2026-04-17T22:47:47.033Z] ICS file generated: timetable.ics (124 total events)
[2026-04-17T22:47:47.034Z] Timetable processing completed successfully
